2025-07-08 08:32:00 | INFO | repo=tictactoe | action=commit
2025-02-25 21:47:00 | DEBUG | repo=tictactoe | action=commit
2025-06-13 08:56:00 | DEBUG | repo=tictactoe | action=pull
2025-01-19 21:18:00 | DEBUG | repo=tictactoe | action=commit
2025-12-26 08:32:00 | WARN | repo=tictactoe | action=commit
2025-03-16 21:46:00 | INFO | repo=tictactoe | action=commit
2025-06-14 16:12:00 | DEBUG | repo=tictactoe | action=commit
2025-12-05 14:58:00 | INFO | repo=tictactoe | action=commit
2025-05-27 08:15:00 | DEBUG | repo=tictactoe | action=commit
2025-11-26 15:22:00 | DEBUG | repo=tictactoe | action=commit
2025-11-15 14:04:00 | WARN | repo=tictactoe | action=commit
2025-11-08 18:09:00 | INFO | repo=tictactoe | action=commit
2025-11-08 15:35:00 | WARN | repo=tictactoe | action=commit
2025-08-01 09:24:00 | DEBUG | repo=tictactoe | action=commit
2025-09-10 17:26:00 | INFO | repo=tictactoe | action=commit
2025-07-23 11:40:00 | INFO | repo=tictactoe | action=commit
2025-10-04 21:35:00 | WARN | repo=tictactoe | action=pull
2025-10-18 16:16:00 | WARN | repo=tictactoe | action=edit | files=2
2025-02-09 07:37:00 | INFO | repo=tictactoe | action=commit
2025-09-11 16:14:00 | WARN | repo=tictactoe | action=pull
2025-04-14 08:05:00 | DEBUG | repo=tictactoe | action=commit
2025-07-19 17:32:00 | WARN | repo=tictactoe | action=commit
2025-07-15 09:31:00 | DEBUG | repo=tictactoe | action=commit
2025-02-28 07:55:00 | INFO | repo=tictactoe | action=commit
2025-06-05 13:11:00 | WARN | repo=tictactoe | action=commit
2025-08-27 21:17:00 | INFO | repo=tictactoe | action=commit
2025-07-21 20:41:00 | INFO | repo=tictactoe | action=commit
2025-08-28 10:56:00 | INFO | repo=tictactoe | action=commit
